<?xml version="1.0" encoding="UTF-8"?>
<!-- Generated by org.testng.reporters.JUnitReportReporter -->
<testsuite hostname="WOLF-AV" failures="0" tests="1" name="com.exampleday9.AppTest" time="8.180" errors="0" timestamp="2024-03-22T15:27:12 IST" skipped="0">
  <testcase classname="com.exampleday9.AppTest" name="testMethod" time="8.180"/>
</testsuite> <!-- com.exampleday9.AppTest -->
